app/build/outputs/logs/manifest-merger-debug-report.txt
-- Merging decision tree log ---
manifest
ADDED from src\main\AndroidManifest.xml:1:1-27:12
	package
		ADDED from src\main\AndroidManifest.xml:2:5-24
		INJECTED from src\main\AndroidManifest.xml
		INJECTED from src\main\AndroidManifest.xml
	xmlns:android
		ADDED from src\main\AndroidManifest.xml:1:11-69
application
ADDED from src\main\AndroidManifest.xml:4:5-26:19
	android:label
		ADDED from src\main\AndroidManifest.xml:5:9-42
	android:theme
		ADDED from src\main\AndroidManifest.xml:6:9-62
activity#com.myapp.ToolbarAndObjectArray
ADDED from src\main\AndroidManifest.xml:9:9-19:20
	android:windowSoftInputMode
		ADDED from src\main\AndroidManifest.xml:10:13-55
	android:name
		ADDED from src\main\AndroidManifest.xml:11:13-50
intent-filter#android.intent.action.MAIN+android.intent.category.LAUNCHER
ADDED from src\main\AndroidManifest.xml:15:13-18:29
action#android.intent.action.MAIN
ADDED from src\main\AndroidManifest.xml:16:17-69
	android:name
		ADDED from src\main\AndroidManifest.xml:16:25-66
category#android.intent.category.LAUNCHER
ADDED from src\main\AndroidManifest.xml:17:17-76
	android:name
		ADDED from src\main\AndroidManifest.xml:17:27-74
activity#com.myapp.NoteEditor
ADDED from src\main\AndroidManifest.xml:21:9-24:20
	android:windowSoftInputMode
		ADDED from src\main\AndroidManifest.xml:22:13-55
	android:name
		ADDED from src\main\AndroidManifest.xml:23:13-39